<?xml version="1.0" encoding="UTF-8"?>
<testsuite name="example.micronaut.CompleteTest" tests="1" skipped="0" failures="0" errors="0" timestamp="2022-06-15T20:11:00" hostname="thongs-mbp.lan" time="0.033">
  <properties/>
  <testcase name="testItWorks()" classname="example.micronaut.CompleteTest" time="0.033"/>
  <system-out><![CDATA[?[36m16:10:59.604?[0;39m ?[1;30m[Test worker]?[0;39m ?[34mINFO ?[0;39m ?[35mi.m.context.env.DefaultEnvironment?[0;39m - Established active environments: [test]
?[36m16:11:00.011?[0;39m ?[1;30m[Test worker]?[0;39m ?[34mINFO ?[0;39m ?[35mcom.zaxxer.hikari.HikariDataSource?[0;39m - HikariPool-1 - Starting...
?[36m16:11:00.204?[0;39m ?[1;30m[Test worker]?[0;39m ?[34mINFO ?[0;39m ?[35mcom.zaxxer.hikari.HikariDataSource?[0;39m - HikariPool-1 - Start completed.
?[36m16:11:00.828?[0;39m ?[1;30m[Test worker]?[0;39m ?[34mINFO ?[0;39m ?[35mcom.zaxxer.hikari.HikariDataSource?[0;39m - HikariPool-1 - Shutdown initiated...
?[36m16:11:00.832?[0;39m ?[1;30m[Test worker]?[0;39m ?[34mINFO ?[0;39m ?[35mcom.zaxxer.hikari.HikariDataSource?[0;39m - HikariPool-1 - Shutdown completed.
]]></system-out>
  <system-err><![CDATA[]]></system-err>
</testsuite>
