<?xml version="1.0" encoding="UTF-8"?>
<testsuite name="example.micronaut.UnsignedRefreshTokenTest" tests="1" skipped="0" failures="0" errors="0" timestamp="2022-06-15T20:11:06" hostname="thongs-mbp.lan" time="0.041">
  <properties/>
  <testcase name="accessingSecuredURLWithoutAuthenticatingReturnsUnauthorized()" classname="example.micronaut.UnsignedRefreshTokenTest" time="0.041"/>
  <system-out><![CDATA[?[36m16:11:06.729?[0;39m ?[1;30m[Test worker]?[0;39m ?[34mINFO ?[0;39m ?[35mi.m.context.env.DefaultEnvironment?[0;39m - Established active environments: [test]
?[36m16:11:06.750?[0;39m ?[1;30m[Test worker]?[0;39m ?[34mINFO ?[0;39m ?[35mcom.zaxxer.hikari.HikariDataSource?[0;39m - HikariPool-9 - Starting...
?[36m16:11:06.751?[0;39m ?[1;30m[Test worker]?[0;39m ?[34mINFO ?[0;39m ?[35mcom.zaxxer.hikari.HikariDataSource?[0;39m - HikariPool-9 - Start completed.
?[36m16:11:06.813?[0;39m ?[1;30m[default-nioEventLoopGroup-10-3]?[0;39m ?[31mWARN ?[0;39m ?[35mi.m.s.t.j.g.SignedRefreshTokenGenerator?[0;39m - Parse exception parsing refresh token foo into JWS Object
?[36m16:11:06.827?[0;39m ?[1;30m[Test worker]?[0;39m ?[34mINFO ?[0;39m ?[35mcom.zaxxer.hikari.HikariDataSource?[0;39m - HikariPool-9 - Shutdown initiated...
?[36m16:11:06.828?[0;39m ?[1;30m[Test worker]?[0;39m ?[34mINFO ?[0;39m ?[35mcom.zaxxer.hikari.HikariDataSource?[0;39m - HikariPool-9 - Shutdown completed.
]]></system-out>
  <system-err><![CDATA[]]></system-err>
</testsuite>
