<?xml version="1.0" encoding="UTF-8"?>
<testsuite name="example.micronaut.LoginIncludesRefreshTokenTest" tests="1" skipped="0" failures="0" errors="0" timestamp="2022-06-15T20:11:02" hostname="thongs-mbp.lan" time="0.06">
  <properties/>
  <testcase name="uponSuccessfulAuthenticationUserGetsAccessTokenAndRefreshToken()" classname="example.micronaut.LoginIncludesRefreshTokenTest" time="0.06"/>
  <system-out><![CDATA[?[36m16:11:02.046?[0;39m ?[1;30m[Test worker]?[0;39m ?[34mINFO ?[0;39m ?[35mi.m.context.env.DefaultEnvironment?[0;39m - Established active environments: [test]
?[36m16:11:02.071?[0;39m ?[1;30m[Test worker]?[0;39m ?[34mINFO ?[0;39m ?[35mcom.zaxxer.hikari.HikariDataSource?[0;39m - HikariPool-4 - Starting...
?[36m16:11:02.074?[0;39m ?[1;30m[Test worker]?[0;39m ?[34mINFO ?[0;39m ?[35mcom.zaxxer.hikari.HikariDataSource?[0;39m - HikariPool-4 - Start completed.
?[36m16:11:02.176?[0;39m ?[1;30m[Test worker]?[0;39m ?[34mINFO ?[0;39m ?[35mcom.zaxxer.hikari.HikariDataSource?[0;39m - HikariPool-4 - Shutdown initiated...
?[36m16:11:02.178?[0;39m ?[1;30m[Test worker]?[0;39m ?[34mINFO ?[0;39m ?[35mcom.zaxxer.hikari.HikariDataSource?[0;39m - HikariPool-4 - Shutdown completed.
]]></system-out>
  <system-err><![CDATA[]]></system-err>
</testsuite>
