<?xml version="1.0" encoding="UTF-8"?>
<testsuite name="example.micronaut.RefreshTokenNotFoundTest" tests="1" skipped="0" failures="0" errors="0" timestamp="2022-06-15T20:11:06" hostname="thongs-mbp.lan" time="0.052">
  <properties/>
  <testcase name="accessingSecuredURLWithoutAuthenticatingReturnsUnauthorized()" classname="example.micronaut.RefreshTokenNotFoundTest" time="0.052"/>
  <system-out><![CDATA[?[36m16:11:06.485?[0;39m ?[1;30m[Test worker]?[0;39m ?[34mINFO ?[0;39m ?[35mi.m.context.env.DefaultEnvironment?[0;39m - Established active environments: [test]
?[36m16:11:06.505?[0;39m ?[1;30m[Test worker]?[0;39m ?[34mINFO ?[0;39m ?[35mcom.zaxxer.hikari.HikariDataSource?[0;39m - HikariPool-7 - Starting...
?[36m16:11:06.508?[0;39m ?[1;30m[Test worker]?[0;39m ?[34mINFO ?[0;39m ?[35mcom.zaxxer.hikari.HikariDataSource?[0;39m - HikariPool-7 - Start completed.
?[36m16:11:06.601?[0;39m ?[1;30m[Test worker]?[0;39m ?[34mINFO ?[0;39m ?[35mcom.zaxxer.hikari.HikariDataSource?[0;39m - HikariPool-7 - Shutdown initiated...
?[36m16:11:06.602?[0;39m ?[1;30m[Test worker]?[0;39m ?[34mINFO ?[0;39m ?[35mcom.zaxxer.hikari.HikariDataSource?[0;39m - HikariPool-7 - Shutdown completed.
]]></system-out>
  <system-err><![CDATA[]]></system-err>
</testsuite>
